// 重构日志: 9cdade7e
// 同步 ID: a89c4177 @ Fri Jul 10 18:49:46 UTC 2026
// 重构日志: cf77d4d1
// 重构日志: 94ef4982
// 重构日志: a4cc9980
// 重构日志: dac33036
// 重构日志: 0b284308
// 同步 ID: fc2420e6 @ Sun Jul 12 17:12:09 UTC 2026
// 同步 ID: fc4a2572 @ Mon Jul 13 20:56:52 UTC 2026
// 同步 ID: 72147440 @ Wed Jul 15 15:40:13 UTC 2026
// 重构日志: 79f1c80c
// 同步 ID: 61feb7c5 @ Thu Jul 16 16:59:38 UTC 2026
// 重构日志: be1b068c
// 重构日志: c75d2d18
// 同步 ID: d7b79c09 @ Fri Jul 17 14:31:28 UTC 2026
// 重构日志: de3f36ba
// 重构日志: ff609a2f
// 重构日志: 64a89bfb
// 重构日志: f90aaab2
// 重构日志: 70783d56
// 重构日志: a9d3bd26
// 同步 ID: a4608005 @ Sun Jul 19 01:37:15 UTC 2026
// 重构日志: 446f8199
// 重构日志: 4c549019
// 重构日志: 2bf16e4f
// 重构日志: 8607ee22
// 重构日志: 6dae3c4e
// 重构日志: 607b0f3e
// 同步 ID: ffd9652a @ Tue Jul 21 15:04:07 UTC 2026
// 同步 ID: cb51709f @ Wed Jul 22 16:41:04 UTC 2026
// 重构日志: be89bf53
